<?xml version="1.0" encoding="UTF-8"?>
<!-- Generated by org.testng.reporters.JUnitReportReporter -->
<testsuite hostname="DESKTOP-T7QCDAB" failures="0" tests="2" name="com.PS.testcases.LoginTest" time="43.566" errors="0" timestamp="2022-09-14T09:57:28 IST" skipped="0">
  <testcase classname="com.PS.testcases.LoginTest" name="loginPageTitleTest" time="23.222"/>
  <system-out/>
  <testcase classname="com.PS.testcases.LoginTest" name="loginPageTitleTest" time="20.344"/>
  <system-out/>
</testsuite> <!-- com.PS.testcases.LoginTest -->
